<?xml version="1.0" encoding="UTF-8"?>
<!-- Generated by org.testng.reporters.JUnitReportReporter -->
<testsuite hostname="ZIL399" failures="0" tests="1" name="testCases.TC_LoginDDT_002" time="3.828" errors="0" timestamp="2022-07-05T20:34:47 IST" skipped="0">
  <testcase classname="testCases.TC_LoginDDT_002" name="loginDDT" time="3.828"/>
  <system-out/>
</testsuite> <!-- testCases.TC_LoginDDT_002 -->
