<?xml version="1.0" encoding="UTF-8"?>
<!-- Generated by org.testng.reporters.JUnitReportReporter -->
<testsuite skipped="0" hostname="ZIL399" name="testCases.TC_LoginDDT_002" tests="1" failures="0" timestamp="2022-07-09T21:52:49 IST" time="3.518" errors="0">
  <testcase name="loginDDT" time="3.518" classname="testCases.TC_LoginDDT_002"/>
  <system-out/>
</testsuite> <!-- testCases.TC_LoginDDT_002 -->
